23:34:47.547 [DEBUG] PROJECT_ROOT = /home/ghostkernel/Documents/GitHub/DuckyRecorder
23:34:47.547 [DEBUG] CONFIG_FILE = /home/ghostkernel/Documents/GitHub/DuckyRecorder/config/config.json
23:34:47.547 [DEBUG] CONFIG_FILE existe? True
23:34:47.547 [DEBUG] LANG_DIR = /home/ghostkernel/Documents/GitHub/DuckyRecorder/DuckyRecorder/lang
23:34:47.547 [DEBUG] Existe? True
23:34:47.547 [DEBUG] PROJECT_ROOT = /home/ghostkernel/Documents/GitHub/DuckyRecorder
23:34:47.548 [DEBUG] RECORDINGS_DIR = /home/ghostkernel/Documents/GitHub/DuckyRecorder/recordings
23:34:47.548 [DEBUG] EXPORTS_DIR = /home/ghostkernel/Documents/GitHub/DuckyRecorder/exports
23:34:47.548 [DEBUG] Diretórios criados/verificados em /home/ghostkernel/Documents/GitHub/DuckyRecorder
23:34:47.548 [DEBUG] Diretórios garantidos:
23:34:47.548 [DEBUG]   - /home/ghostkernel/Documents/GitHub/DuckyRecorder/recordings
23:34:47.548 [DEBUG]   - /home/ghostkernel/Documents/GitHub/DuckyRecorder/exports
23:34:47.550 [DEBUG] Config carregada de /home/ghostkernel/Documents/GitHub/DuckyRecorder/config/config.json
23:34:47.550 [DEBUG] get_language() retornando: pt
23:34:47.550 [DEBUG] Idioma obtido da config = pt
23:34:47.550 [DEBUG] Tentando carregar /home/ghostkernel/Documents/GitHub/DuckyRecorder/DuckyRecorder/lang/pt.json
23:34:47.550 [DEBUG] Existe? True
23:34:47.550 [DEBUG] Carregado com sucesso, 32 strings
23:34:50.775 [DEBUG] Diretórios garantidos:
23:34:50.775 [DEBUG]   - /home/ghostkernel/Documents/GitHub/DuckyRecorder/recordings
23:34:50.775 [DEBUG]   - /home/ghostkernel/Documents/GitHub/DuckyRecorder/exports
